[debug] [2019-08-19T14:34:19.822Z] ----------------------------------------------------------------------
[debug] [2019-08-19T14:34:19.825Z] Command:       C:\Program Files\nodejs\node.exe C:\Users\j\AppData\Roaming\npm\node_modules\firebase-tools\lib\bin\firebase.js deploy
[debug] [2019-08-19T14:34:19.825Z] CLI Version:   7.2.2
[debug] [2019-08-19T14:34:19.825Z] Platform:      win32
[debug] [2019-08-19T14:34:19.825Z] Node Version:  v10.16.0
[debug] [2019-08-19T14:34:19.825Z] Time:          Mon Aug 19 2019 11:34:19 GMT-0300 (GMT-03:00)
[debug] [2019-08-19T14:34:19.825Z] ----------------------------------------------------------------------
[debug] 
[debug] [2019-08-19T14:34:19.834Z] > command requires scopes: ["email","openid","https://www.googleapis.com/auth/cloudplatformprojects.readonly","https://www.googleapis.com/auth/firebase","https://www.googleapis.com/auth/cloud-platform"]
[debug] [2019-08-19T14:34:19.834Z] > authorizing via signed-in user
[debug] [2019-08-19T14:34:19.834Z] [iam] checking project airtable-149f3 for permissions ["cloudfunctions.functions.create","cloudfunctions.functions.delete","cloudfunctions.functions.get","cloudfunctions.functions.list","cloudfunctions.functions.update","cloudfunctions.operations.get","firebase.projects.get","firebasehosting.sites.update"]
[debug] [2019-08-19T14:34:19.836Z] >>> HTTP REQUEST POST https://cloudresourcemanager.googleapis.com/v1/projects/airtable-149f3:testIamPermissions  

[debug] [2019-08-19T14:34:20.916Z] <<< HTTP RESPONSE 200
[debug] [2019-08-19T14:34:20.921Z] >>> HTTP REQUEST GET https://firebase.googleapis.com/v1beta1/projects/airtable-149f3  
 
[debug] [2019-08-19T14:34:22.264Z] <<< HTTP RESPONSE 200
[info] 
[info] === Deploying to 'airtable-149f3'...
[info] 
[info] i  deploying functions, hosting
[info] Running command: npm --prefix "$RESOURCE_DIR" run lint
[info] +  functions: Finished running predeploy script.
[debug] [2019-08-19T14:34:28.691Z] > [functions] package.json contents: {
  "name": "functions",
  "description": "Cloud Functions for Firebase",
  "scripts": {
    "lint": "eslint .",
    "serve": "firebase serve --only functions",
    "shell": "firebase functions:shell",
    "start": "npm run shell",
    "deploy": "firebase deploy --only functions",
    "logs": "firebase functions:log"
  },
  "engines": {
    "node": "8"
  },
  "dependencies": {
    "airtable": "^0.7.1",
    "bottleneck": "^2.19.5",
    "esm": "^3.2.25",
    "firebase-admin": "^8.0.0",
    "firebase-functions": "^3.1.0"
  },
  "devDependencies": {
    "eslint": "^5.12.0",
    "eslint-plugin-promise": "^4.0.1",
    "firebase-functions-test": "^0.1.6"
  },
  "private": true
}
[info] i  functions: ensuring necessary APIs are enabled...
[debug] [2019-08-19T14:34:28.692Z] >>> HTTP REQUEST GET https://serviceusage.googleapis.com/v1/projects/airtable-149f3/services/cloudfunctions.googleapis.com  
 
[debug] [2019-08-19T14:34:28.692Z] >>> HTTP REQUEST GET https://serviceusage.googleapis.com/v1/projects/airtable-149f3/services/runtimeconfig.googleapis.com  
 
[debug] [2019-08-19T14:34:29.864Z] <<< HTTP RESPONSE 200
[debug] [2019-08-19T14:34:29.988Z] <<< HTTP RESPONSE 200
[info] +  functions: all necessary APIs are enabled
[debug] [2019-08-19T14:34:29.991Z] >>> HTTP REQUEST GET https://firebase.googleapis.com/v1beta1/projects/airtable-149f3/adminSdkConfig  
 
[debug] [2019-08-19T14:34:34.277Z] <<< HTTP RESPONSE 200
[debug] [2019-08-19T14:34:34.280Z] >>> HTTP REQUEST POST https://firebasehosting.googleapis.com/v1beta1/sites/airtable-149f3/versions  

[debug] [2019-08-19T14:34:58.782Z] Error: connect ETIMEDOUT 172.217.29.234:443
    at TCPConnectWrap.afterConnect [as oncomplete] (net.js:1106:14)
[error] 
[error] Error: Server Error. connect ETIMEDOUT 172.217.29.234:443
[debug] [2019-08-19T14:35:43.202Z] ----------------------------------------------------------------------
[debug] [2019-08-19T14:35:43.204Z] Command:       C:\Program Files\nodejs\node.exe C:\Users\j\AppData\Roaming\npm\node_modules\firebase-tools\lib\bin\firebase.js deploy
[debug] [2019-08-19T14:35:43.204Z] CLI Version:   7.2.2
[debug] [2019-08-19T14:35:43.204Z] Platform:      win32
[debug] [2019-08-19T14:35:43.204Z] Node Version:  v10.16.0
[debug] [2019-08-19T14:35:43.204Z] Time:          Mon Aug 19 2019 11:35:43 GMT-0300 (GMT-03:00)
[debug] [2019-08-19T14:35:43.204Z] ----------------------------------------------------------------------
[debug] 
[debug] [2019-08-19T14:35:43.213Z] > command requires scopes: ["email","openid","https://www.googleapis.com/auth/cloudplatformprojects.readonly","https://www.googleapis.com/auth/firebase","https://www.googleapis.com/auth/cloud-platform"]
[debug] [2019-08-19T14:35:43.213Z] > authorizing via signed-in user
[debug] [2019-08-19T14:35:43.214Z] [iam] checking project airtable-149f3 for permissions ["cloudfunctions.functions.create","cloudfunctions.functions.delete","cloudfunctions.functions.get","cloudfunctions.functions.list","cloudfunctions.functions.update","cloudfunctions.operations.get","firebase.projects.get","firebasehosting.sites.update"]
[debug] [2019-08-19T14:35:43.215Z] >>> HTTP REQUEST POST https://cloudresourcemanager.googleapis.com/v1/projects/airtable-149f3:testIamPermissions  

[debug] [2019-08-19T14:35:44.310Z] <<< HTTP RESPONSE 200
[debug] [2019-08-19T14:35:44.312Z] >>> HTTP REQUEST GET https://firebase.googleapis.com/v1beta1/projects/airtable-149f3  
 
[debug] [2019-08-19T14:35:44.802Z] <<< HTTP RESPONSE 200
[info] 
[info] === Deploying to 'airtable-149f3'...
[info] 
[info] i  deploying functions, hosting
[info] Running command: npm --prefix "$RESOURCE_DIR" run lint
[info] +  functions: Finished running predeploy script.
[debug] [2019-08-19T14:35:51.160Z] > [functions] package.json contents: {
  "name": "functions",
  "description": "Cloud Functions for Firebase",
  "scripts": {
    "lint": "eslint .",
    "serve": "firebase serve --only functions",
    "shell": "firebase functions:shell",
    "start": "npm run shell",
    "deploy": "firebase deploy --only functions",
    "logs": "firebase functions:log"
  },
  "engines": {
    "node": "8"
  },
  "dependencies": {
    "airtable": "^0.7.1",
    "bottleneck": "^2.19.5",
    "esm": "^3.2.25",
    "firebase-admin": "^8.0.0",
    "firebase-functions": "^3.1.0"
  },
  "devDependencies": {
    "eslint": "^5.12.0",
    "eslint-plugin-promise": "^4.0.1",
    "firebase-functions-test": "^0.1.6"
  },
  "private": true
}
[info] i  functions: ensuring necessary APIs are enabled...
[debug] [2019-08-19T14:35:51.161Z] >>> HTTP REQUEST GET https://serviceusage.googleapis.com/v1/projects/airtable-149f3/services/cloudfunctions.googleapis.com  
 
[debug] [2019-08-19T14:35:51.161Z] >>> HTTP REQUEST GET https://serviceusage.googleapis.com/v1/projects/airtable-149f3/services/runtimeconfig.googleapis.com  
 
[debug] [2019-08-19T14:35:52.466Z] <<< HTTP RESPONSE 200
[debug] [2019-08-19T14:35:52.541Z] <<< HTTP RESPONSE 200
[info] +  functions: all necessary APIs are enabled
[debug] [2019-08-19T14:35:52.544Z] >>> HTTP REQUEST GET https://firebase.googleapis.com/v1beta1/projects/airtable-149f3/adminSdkConfig  
 
[debug] [2019-08-19T14:35:53.813Z] <<< HTTP RESPONSE 200
[debug] [2019-08-19T14:35:53.814Z] >>> HTTP REQUEST POST https://firebasehosting.googleapis.com/v1beta1/sites/airtable-149f3/versions  

[debug] [2019-08-19T14:35:55.581Z] <<< HTTP RESPONSE 200
[info] i  functions: preparing functions directory for uploading...
[debug] [2019-08-19T14:35:55.584Z] >>> HTTP REQUEST GET https://runtimeconfig.googleapis.com/v1beta1/projects/airtable-149f3/configs  
 
[debug] [2019-08-19T14:35:56.102Z] <<< HTTP RESPONSE 200
[debug] [2019-08-19T14:35:56.103Z] >>> HTTP REQUEST GET https://runtimeconfig.googleapis.com/v1beta1/projects/airtable-149f3/configs/airtable/variables  
 
[debug] [2019-08-19T14:35:57.441Z] <<< HTTP RESPONSE 200
[debug] [2019-08-19T14:35:57.442Z] >>> HTTP REQUEST GET https://runtimeconfig.googleapis.com/v1beta1/projects/airtable-149f3/configs/airtable/variables/base  
 
[debug] [2019-08-19T14:35:57.443Z] >>> HTTP REQUEST GET https://runtimeconfig.googleapis.com/v1beta1/projects/airtable-149f3/configs/airtable/variables/key  
 
[debug] [2019-08-19T14:35:57.771Z] <<< HTTP RESPONSE 200
[debug] [2019-08-19T14:35:57.789Z] <<< HTTP RESPONSE 200
[info] i  functions: packaged functions (45.84 KB) for uploading
[debug] [2019-08-19T14:35:58.801Z] >>> HTTP REQUEST POST https://cloudfunctions.googleapis.com/v1/projects/airtable-149f3/locations/us-central1/functions:generateUploadUrl  
 
[debug] [2019-08-19T14:35:59.638Z] <<< HTTP RESPONSE 200
[debug] [2019-08-19T14:35:59.640Z] >>> HTTP REQUEST PUT https://storage.googleapis.com/gcf-upload-us-central1-b9ee5c23-fbcd-416d-814d-96ed2eed7e9f/1132bbfa-8aba-4c62-8966-6b87d79d0f3d.zip?GoogleAccessId=service-208811989156@gcf-admin-robot.iam.gserviceaccount.com&Expires=1566227159&Signature=rED95CNbkOpFox4nJnWU54QdvQpMEfit%2FnU95ZSm8ueN5NEXF33D7aqwOISfMWojChPkMfpEUafMnEtok4P0kYB8uF8IyzfXZz9G2Ru7IpDteqkpJb4fOpT2sX5FhKAMhwkJrnAfHibyeTiER%2B86T47WkSTO2xPEEvEDlonjZXBRKE1kwlOKJ0%2B89S%2BiyLvblwS%2Fw0gEXpKHX%2BfpaPJrXGfUyHp7oU1NjUs7xk4QSg8vuJTbUjUFRSCplfq5RwNR1Rd%2BJuXb9yusAQ2Y0VxxazqQ8ly5OEZxpbYBoP9RTrlLrFieAgH858DfLyHvdaUjzcELkypV%2FLWgDV8Z4wT%2FgQ%3D%3D  
 <request body omitted>
[debug] [2019-08-19T14:36:00.346Z] <<< HTTP RESPONSE 200
[info] +  functions: functions folder uploaded successfully
[info] i  hosting[airtable-149f3]: beginning deploy...
[info] i  hosting[airtable-149f3]: found 8 files in dist
[debug] [2019-08-19T14:36:00.376Z] [hosting] hash cache [ZGlzdA] load error: lines is not defined
[debug] [2019-08-19T14:36:00.699Z] [hosting] hash cache [ZGlzdA] stored for 8 files
[debug] [2019-08-19T14:36:00.699Z] [hosting][hash queue][FINAL]
[debug] [2019-08-19T14:36:00.699Z] >>> HTTP REQUEST POST https://firebasehosting.googleapis.com/v1beta1/sites/airtable-149f3/versions/44dd8c31429ed9a5:populateFiles  
 <request body omitted>
[debug] [2019-08-19T14:36:02.073Z] <<< HTTP RESPONSE 200
[debug] [2019-08-19T14:36:02.073Z] [hosting][populate queue][FINAL]
[debug] [2019-08-19T14:36:02.074Z] [hosting] uploads queued: 0
[debug] [2019-08-19T14:36:02.074Z] [hosting][upload queue][FINAL]
[info] +  hosting[airtable-149f3]: file upload complete
[debug] [2019-08-19T14:36:02.075Z] [hosting] deploy completed after 1726ms
[debug] [2019-08-19T14:36:02.374Z] >>> HTTP REQUEST GET https://cloudfunctions.googleapis.com/v1/projects/airtable-149f3/locations/-/functions  
 
[debug] [2019-08-19T14:36:03.811Z] <<< HTTP RESPONSE 200
[info] i  functions: updating Node.js 8 function updateAirtable(us-central1)...
[debug] [2019-08-19T14:36:03.815Z] Trigger is:  {"httpsTrigger":{}}
[info] i  functions: updating Node.js 8 function scheduledUpdateAirtable(us-central1)...
[debug] [2019-08-19T14:36:03.816Z] Trigger is:  {"eventTrigger":{"resource":"projects/airtable-149f3/topics/firebase-schedule-scheduledUpdateAirtable-us-central1","eventType":"google.pubsub.topic.publish","service":"pubsub.googleapis.com"}}
[info] i  scheduler: ensuring necessary APIs are enabled...
[info] i  pubsub: ensuring necessary APIs are enabled...
[debug] [2019-08-19T14:36:03.818Z] >>> HTTP REQUEST GET https://serviceusage.googleapis.com/v1/projects/airtable-149f3/services/cloudscheduler.googleapis.com  
 
[debug] [2019-08-19T14:36:03.819Z] >>> HTTP REQUEST GET https://serviceusage.googleapis.com/v1/projects/airtable-149f3/services/pubsub.googleapis.com  
 
[debug] [2019-08-19T14:36:05.013Z] <<< HTTP RESPONSE 200
[info] +  scheduler: all necessary APIs are enabled
[debug] [2019-08-19T14:36:05.045Z] <<< HTTP RESPONSE 200
[info] +  pubsub: all necessary APIs are enabled
[debug] [2019-08-19T14:36:05.047Z] >>> HTTP REQUEST GET https://cloudscheduler.googleapis.com/v1beta1/projects/airtable-149f3/locations/us-central1/jobs/firebase-schedule-scheduledUpdateAirtable-us-central1  
 
[debug] [2019-08-19T14:36:06.050Z] <<< HTTP RESPONSE 200
[info] i  functions: scheduler job firebase-schedule-scheduledUpdateAirtable-us-central1 is up to date, no changes required
[debug] [2019-08-19T14:36:06.053Z] >>> HTTP REQUEST PATCH https://cloudfunctions.googleapis.com/v1/projects/airtable-149f3/locations/us-central1/functions/updateAirtable {"updateMask":"sourceUploadUrl,name,labels,runtime,httpsTrigger"} 

[debug] [2019-08-19T14:36:06.055Z] >>> HTTP REQUEST PATCH https://cloudfunctions.googleapis.com/v1/projects/airtable-149f3/locations/us-central1/functions/scheduledUpdateAirtable {"updateMask":"sourceUploadUrl,name,labels,runtime,eventTrigger.resource,eventTrigger.eventType,eventTrigger.service"} 

[debug] [2019-08-19T14:36:07.396Z] <<< HTTP RESPONSE 200
[debug] [2019-08-19T14:36:07.409Z] <<< HTTP RESPONSE 200
[debug] [2019-08-19T14:36:07.410Z] >>> HTTP REQUEST GET https://cloudfunctions.googleapis.com/v1/projects/airtable-149f3/locations/-/functions  
 
